> Task :app:preBuild UP-TO-DATE
> Task :app:preDebugBuild UP-TO-DATE
> Task :app:mergeDebugNativeDebugMetadata NO-SOURCE
> Task :app:checkKotlinGradlePluginConfigurationErrors SKIPPED
> Task :app:dataBindingMergeDependencyArtifactsDebug UP-TO-DATE
> Task :app:generateDebugResValues UP-TO-DATE
> Task :app:generateDebugResources UP-TO-DATE
> Task :app:mergeDebugResources UP-TO-DATE
> Task :app:packageDebugResources UP-TO-DATE
> Task :app:parseDebugLocalResources UP-TO-DATE
> Task :app:dataBindingGenBaseClassesDebug UP-TO-DATE
> Task :app:checkDebugAarMetadata UP-TO-DATE
> Task :app:mapDebugSourceSetPaths UP-TO-DATE
> Task :app:createDebugCompatibleScreenManifests UP-TO-DATE
> Task :app:extractDeepLinksDebug UP-TO-DATE
> Task :app:processDebugMainManifest UP-TO-DATE
> Task :app:processDebugManifest UP-TO-DATE
> Task :app:processDebugManifestForPackage UP-TO-DATE
> Task :app:processDebugResources UP-TO-DATE
> Task :app:kaptGenerateStubsDebugKotlin UP-TO-DATE
> Task :app:kaptDebugKotlin UP-TO-DATE
> Task :app:javaPreCompileDebug UP-TO-DATE
> Task :app:mergeDebugShaders UP-TO-DATE
> Task :app:compileDebugShaders NO-SOURCE
> Task :app:generateDebugAssets UP-TO-DATE
> Task :app:mergeDebugAssets UP-TO-DATE
> Task :app:compressDebugAssets UP-TO-DATE
> Task :app:checkDebugDuplicateClasses UP-TO-DATE
> Task :app:desugarDebugFileDependencies UP-TO-DATE
> Task :app:mergeExtDexDebug UP-TO-DATE
> Task :app:mergeLibDexDebug UP-TO-DATE
> Task :app:mergeDebugJniLibFolders UP-TO-DATE
> Task :app:mergeDebugNativeLibs UP-TO-DATE
> Task :app:stripDebugDebugSymbols UP-TO-DATE
> Task :app:validateSigningDebug UP-TO-DATE
> Task :app:writeDebugAppMetadata UP-TO-DATE
> Task :app:writeDebugSigningConfigVersions UP-TO-DATE

> Task :app:compileDebugKotlin FAILED
./gradlew : e: file
:///D:/Done,Torevie
w/PLACEMATE/app/src
/main/java/com/exam
ple/placemate/ui/in
ventory/InventoryVi
ewModel.kt:102:95 
Only safe (?.) or 
non-null asserted 
(!!.) calls are 
allowed on a 
nullable receiver 
of type 'com.exampl
e.placemate.data.lo
cal.entities.Locati
onEntity?'.
At line:1 char:1
+ ./gradlew 
assembleDebug > 
build_log_reid.txt 
2>&1
+ ~~~~~~~~~~~~~~~~~
~~~~~~~~~~~~~~~~~~~
~~~~~~~~~~~~~
    + CategoryInfo 
             : No  
  tSpecified: (e   
 : file:///D:/D    
...cationEntit    
y?'.:String) [    
], RemoteExcep    
tion
    + FullyQualifi 
   edErrorId : Na  
  tiveCommandErr   
 or
 
e: file:///D:/Done,
Toreview/PLACEMATE/
app/src/main/java/c
om/example/placemat
e/ui/inventory/Inve
ntoryViewModel.kt:1
12:105 Only safe 
(?.) or non-null 
asserted (!!.) 
calls are allowed 
on a nullable 
receiver of type 'c
om.example.placemat
e.data.local.entiti
es.LocationEntity?'
.

FAILURE: Build 
failed with an 
exception.

* What went wrong:
Execution failed 
for task ':app:comp
ileDebugKotlin'.
> A failure 
occurred while 
executing org.jetbr
ains.kotlin.compile
rRunner.GradleCompi
lerRunnerWithWorker
s$GradleKotlinCompi
lerWorkAction
   > Compilation 
error. See log for 
more details

* Try:
> Run with 
--stacktrace 
option to get the 
stack trace.
> Run with --info 
or --debug option 
to get more log 
output.
> Run with --scan 
to get full 
insights.
> Get more help at 
https://help.gradle
.org.

BUILD FAILED in 19s
32 actionable tasks: 1 executed, 31 up-to-date
