> Task :app:preBuild UP-TO-DATE
> Task :app:preDebugBuild UP-TO-DATE
> Task :app:mergeDebugNativeDebugMetadata NO-SOURCE
> Task :app:checkKotlinGradlePluginConfigurationErrors SKIPPED
> Task :app:dataBindingMergeDependencyArtifactsDebug UP-TO-DATE
> Task :app:generateDebugResValues UP-TO-DATE
> Task :app:generateDebugResources UP-TO-DATE
> Task :app:mergeDebugResources UP-TO-DATE
> Task :app:packageDebugResources UP-TO-DATE
> Task :app:parseDebugLocalResources UP-TO-DATE
> Task :app:dataBindingGenBaseClassesDebug UP-TO-DATE
> Task :app:checkDebugAarMetadata UP-TO-DATE
> Task :app:mapDebugSourceSetPaths UP-TO-DATE
> Task :app:createDebugCompatibleScreenManifests UP-TO-DATE
> Task :app:extractDeepLinksDebug UP-TO-DATE
> Task :app:processDebugMainManifest UP-TO-DATE
> Task :app:processDebugManifest UP-TO-DATE
> Task :app:processDebugManifestForPackage UP-TO-DATE
> Task :app:processDebugResources UP-TO-DATE
> Task :app:kaptGenerateStubsDebugKotlin UP-TO-DATE
> Task :app:kaptDebugKotlin UP-TO-DATE
> Task :app:javaPreCompileDebug UP-TO-DATE
> Task :app:mergeDebugShaders UP-TO-DATE
> Task :app:compileDebugShaders NO-SOURCE
> Task :app:generateDebugAssets UP-TO-DATE
> Task :app:mergeDebugAssets UP-TO-DATE
> Task :app:compressDebugAssets UP-TO-DATE
> Task :app:checkDebugDuplicateClasses UP-TO-DATE
> Task :app:desugarDebugFileDependencies UP-TO-DATE
> Task :app:mergeExtDexDebug UP-TO-DATE
> Task :app:mergeLibDexDebug UP-TO-DATE
> Task :app:mergeDebugJniLibFolders UP-TO-DATE
> Task :app:mergeDebugNativeLibs UP-TO-DATE
> Task :app:stripDebugDebugSymbols UP-TO-DATE
> Task :app:validateSigningDebug UP-TO-DATE
> Task :app:writeDebugAppMetadata UP-TO-DATE
> Task :app:writeDebugSigningConfigVersions UP-TO-DATE
./gradlew : e: file
:///D:/Done,Torevie
w/PLACEMATE/app/src
/main/java/com/exam
ple/placemate/core/
di/CoreModule.kt:32
:16 Class 
'<anonymous>' is 
not abstract and 
does not implement 
abstract member 
'recognizeScene'.
At line:1 char:1
+ ./gradlew 
assembleDebug > bui
ld_log_reid_2.txt 
2>&1
+ ~~~~~~~~~~~~~~~~~
~~~~~~~~~~~~~~~~~~~
~~~~~~~~~~~~~~~
    + CategoryInfo 
             : No  
  tSpecified: (e   
 : file:///D:/D    
...ecognizeSce    
ne'.:String) [    
], RemoteExcep    
tion
    + FullyQualifi 
   edErrorId : Na  
  tiveCommandErr   
 or
 

> Task :app:compileDebugKotlin
w: file:///D:/Done,Toreview/PLACEMATE/app/src/main/java/com/example/placemate/ui/inventory/InventoryFragment.kt:160:39 'fun onBackPressed(): Unit' is deprecated. Deprecated in Java.
e: file:///D:/Done,
Toreview/PLACEMATE/
app/src/main/java/c
om/example/placemat
e/core/di/CoreModul
e.kt:45:13 
'recognizeScene' 
overrides nothing.
e: file:///D:/Done,
Toreview/PLACEMATE/
app/src/main/java/c
om/example/placemat
e/core/input/MLKitR
ecognitionService.k
t:19:1 Class 'MLKit
RecognitionService'
 is not abstract 
and does not 
implement abstract 
member 
'recognizeScene'.
e: file:///D:/Done,
Toreview/PLACEMATE/
app/src/main/java/c
om/example/placemat
e/core/input/MLKitR
ecognitionService.k
t:63:5 
'recognizeScene' 
overrides nothing.

> Task :app:compileDebugKotlin FAILED

FAILURE: Build 
failed with an 
exception.

* What went wrong:
32 actionable tasks: 1 executed, 31 up-to-date
Execution failed 
for task ':app:comp
ileDebugKotlin'.
> A failure 
occurred while 
executing org.jetbr
ains.kotlin.compile
rRunner.GradleCompi
lerRunnerWithWorker
s$GradleKotlinCompi
lerWorkAction
   > Compilation 
error. See log for 
more details

* Try:
> Run with 
--stacktrace 
option to get the 
stack trace.
> Run with --info 
or --debug option 
to get more log 
output.
> Run with --scan 
to get full 
insights.
> Get more help at 
https://help.gradle
.org.

BUILD FAILED in 29s
