> Task :app:checkKotlinGradlePluginConfigurationErrors SKIPPED
> Task :app:preBuild UP-TO-DATE
> Task :app:preDebugBuild UP-TO-DATE
> Task :app:dataBindingMergeDependencyArtifactsDebug UP-TO-DATE
> Task :app:generateDebugResValues UP-TO-DATE
> Task :app:generateDebugResources UP-TO-DATE
> Task :app:mergeDebugResources UP-TO-DATE
> Task :app:packageDebugResources UP-TO-DATE
> Task :app:parseDebugLocalResources UP-TO-DATE
> Task :app:dataBindingGenBaseClassesDebug UP-TO-DATE
> Task :app:checkDebugAarMetadata UP-TO-DATE
> Task :app:mapDebugSourceSetPaths UP-TO-DATE
> Task :app:createDebugCompatibleScreenManifests UP-TO-DATE
> Task :app:extractDeepLinksDebug UP-TO-DATE
> Task :app:processDebugMainManifest UP-TO-DATE
> Task :app:processDebugManifest UP-TO-DATE
> Task :app:processDebugManifestForPackage UP-TO-DATE
> Task :app:processDebugResources UP-TO-DATE
> Task :app:kaptGenerateStubsDebugKotlin UP-TO-DATE
> Task :app:kaptDebugKotlin UP-TO-DATE

> Task :app:compileDebugKotlin FAILED
e: file:///D:/Done,Toreview/PLACEMATE/app/src/main/java/com/example/placemate/ui/inventory/InventoryAdapter.kt:6:37 Conflicting import: imported name 'ListAdapter' is ambiguous.
e: file:///D:/Done,Toreview/PLACEMATE/app/src/main/java/com/example/placemate/ui/inventory/InventoryAdapter.kt:7:37 Conflicting import: imported name 'RecyclerView' is ambiguous.
e: file:///D:/Done,Toreview/PLACEMATE/app/src/main/java/com/example/placemate/ui/inventory/InventoryAdapter.kt:12:37 Conflicting import: imported name 'ListAdapter' is ambiguous.
e: file:///D:/Done,Toreview/PLACEMATE/app/src/main/java/com/example/placemate/ui/inventory/InventoryAdapter.kt:13:37 Conflicting import: imported name 'RecyclerView' is ambiguous.
e: file:///D:/Done,Toreview/PLACEMATE/app/src/main/java/com/example/placemate/ui/taken/TakenItemsFragment.kt:49:13 No value passed for parameter 'onFolderLongClick'.

FAILURE: Build failed with an exception.

* What went wrong:
Execution failed for task ':app:compileDebugKotlin'.
> A failure occurred while executing org.jetbrains.kotlin.compilerRunner.GradleCompilerRunnerWithWorkers$GradleKotlinCompilerWorkAction
   > Compilation error. See log for more details

* Try:
> Run with --stacktrace option to get the stack trace.
> Run with --info or --debug option to get more log output.
> Run with --scan to get full insights.
> Get more help at https://help.gradle.org.

BUILD FAILED in 20s
18 actionable tasks: 1 executed, 17 up-to-date
