To honour the JVM settings for this build a single-use Daemon process will be forked. For more on this, please refer to https://docs.gradle.org/8.11.1/userguide/gradle_daemon.html#sec:disabling_the_daemon in the Gradle documentation.
Daemon will be stopped at the end of the build 
> Task :app:clean
> Task :app:checkKotlinGradlePluginConfigurationErrors SKIPPED
> Task :app:preBuild UP-TO-DATE
> Task :app:preDebugBuild UP-TO-DATE
> Task :app:generateDebugResValues
> Task :app:dataBindingMergeDependencyArtifactsDebug
> Task :app:generateDebugResources
> Task :app:packageDebugResources
> Task :app:mergeDebugResources
> Task :app:mapDebugSourceSetPaths
> Task :app:createDebugCompatibleScreenManifests
> Task :app:checkDebugAarMetadata
> Task :app:extractDeepLinksDebug
> Task :app:parseDebugLocalResources
> Task :app:processDebugMainManifest
> Task :app:dataBindingGenBaseClassesDebug
> Task :app:processDebugManifest
> Task :app:processDebugManifestForPackage
> Task :app:processDebugResources

> Task :app:kaptGenerateStubsDebugKotlin
w: Kapt currently doesn't support language version 2.0+. Falling back to 1.9.

> Task :app:kaptDebugKotlin

> Task :app:compileDebugKotlin FAILED
e: file:///D:/Done,Toreview/PLACEMATE/app/src/main/java/com/example/placemate/ui/inventory/InventoryAdapter.kt:6:37 Conflicting import: imported name 'ListAdapter' is ambiguous.
e: file:///D:/Done,Toreview/PLACEMATE/app/src/main/java/com/example/placemate/ui/inventory/InventoryAdapter.kt:7:37 Conflicting import: imported name 'RecyclerView' is ambiguous.
e: file:///D:/Done,Toreview/PLACEMATE/app/src/main/java/com/example/placemate/ui/inventory/InventoryAdapter.kt:12:37 Conflicting import: imported name 'ListAdapter' is ambiguous.
e: file:///D:/Done,Toreview/PLACEMATE/app/src/main/java/com/example/placemate/ui/inventory/InventoryAdapter.kt:13:37 Conflicting import: imported name 'RecyclerView' is ambiguous.
e: file:///D:/Done,Toreview/PLACEMATE/app/src/main/java/com/example/placemate/ui/taken/TakenItemsFragment.kt:49:13 No value passed for parameter 'onFolderLongClick'.

FAILURE: Build failed with an exception.

* What went wrong:
Execution failed for task ':app:compileDebugKotlin'.
> A failure occurred while executing org.jetbrains.kotlin.compilerRunner.GradleCompilerRunnerWithWorkers$GradleKotlinCompilerWorkAction
   > Compilation error. See log for more details

* Try:
> Run with --stacktrace option to get the stack trace.
> Run with --info or --debug option to get more log output.
> Run with --scan to get full insights.
> Get more help at https://help.gradle.org.

BUILD FAILED in 52s
19 actionable tasks: 19 executed
