
  build_output.txt:
18:> Task :app:proc
essDebugManifestFor
Package UP-TO-DATE
  build_output.txt:
19:> Task :app:proc
essDebugResources 
UP-TO-DATE
  build_output.txt:
20:> Task :app:java
PreCompileDebug 
UP-TO-DATE
  build_output.txt:
21:> Task :app:merg
eDebugShaders 
UP-TO-DATE
  build_output.txt:
22:> Task :app:comp
ileDebugShaders 
NO-SOURCE
  build_output.txt:
23:> Task :app:gene
rateDebugAssets 
UP-TO-DATE
  build_output.txt:
24:> Task :app:merg
eDebugAssets 
UP-TO-DATE
  build_output.txt:
25:> Task :app:comp
ressDebugAssets 
UP-TO-DATE
  build_output.txt:
26:> Task :app:chec
kDebugDuplicateClas
ses UP-TO-DATE
  build_output.txt:
27:> Task :app:desu
garDebugFileDepende
ncies UP-TO-DATE
  build_output.txt:
28:> Task :app:merg
eExtDexDebug 
UP-TO-DATE
  build_output.txt:
29:> Task :app:merg
eLibDexDebug 
UP-TO-DATE
  build_output.txt:
30:> Task :app:merg
eDebugJniLibFolders
 UP-TO-DATE
  build_output.txt:
31:> Task :app:merg
eDebugNativeLibs 
UP-TO-DATE
  build_output.txt:
32:> Task :app:stri
pDebugDebugSymbols 
UP-TO-DATE
  build_output.txt:
33:> Task :app:vali
dateSigningDebug 
UP-TO-DATE
  build_output.txt:
34:> Task :app:writ
eDebugAppMetadata 
UP-TO-DATE
  build_output.txt:
35:> Task :app:writ
eDebugSigningConfig
Versions UP-TO-DATE
  build_output.txt:
36:> Task 
:app:kspDebugKotlin
  build_output.txt:
37:
> build_output.txt:
38:> Task :app:comp
ileDebugKotlin 
FAILED
  build_output.txt:
39:./gradlew : e: 
file
  build_output.txt:
40::///D:/Research_
pro
  build_output.txt:
41:jects/PLACEMATE/
app
  build_output.txt:
42:/src/main/java/c
om/
  build_output.txt:
43:example/placemat
e/c
  build_output.txt:
44:ore/input/MLKitR
eco
  build_output.txt:
45:gnitionService.k
t:9
  build_output.txt:
46::27 Unresolved 
  build_output.txt:
47:reference 
'tasks'.
  build_output.txt:
48:At line:1 char:1
  build_output.txt:
49:+ ./gradlew 
  build_output.txt:
50:assembleDebug > 
  build_output.txt:
51:build_output.txt
 
  build_output.txt:
52:2>&1
  build_output.txt:
53:+ 
~~~~~~~~~~~~~~~~~
  build_output.txt:
54:~~~~~~~~~~~~~~~~
~~~
  build_output.txt:
55:~~~~~~~~~~~
  build_output.txt:
56:    + 
CategoryInfo 
  build_output.txt:
57:             : 
No  
  build_output.txt:
58:  tSpecified: 
(e   
  build_output.txt:
108:rch_projects/PL
ACEM
  build_output.txt:
109:ATE/app/src/mai
n/ja
  build_output.txt:
110:va/com/example/
plac
  build_output.txt:
111:emate/core/inpu
t/ML
  build_output.txt:
112:KitRecognitionS
ervi
  build_output.txt:
113:ce.kt:30:44 
  build_output.txt:
114:Unresolved 
  build_output.txt:
115:reference 
  build_output.txt:
116:'confidence'.
  build_output.txt:
117:e: 
file:///D:/Resea
  build_output.txt:
118:rch_projects/PL
ACEM
  build_output.txt:
119:ATE/app/src/mai
n/ja
  build_output.txt:
120:va/com/example/
plac
  build_output.txt:
121:emate/ui/taken/
Take
  build_output.txt:
122:nItemsFragment.
kt:4
  build_output.txt:
123:1:42 
Unresolved 
  build_output.txt:
124:reference 
'findNavC
  build_output.txt:
125:ontroller'.
  build_output.txt:
126:
  build_output.txt:
127:FAILURE: Build 
> build_output.txt:
128:failed with an 
  build_output.txt:
129:exception.
  build_output.txt:
130:
  build_output.txt:
131:* What went 
wrong:
> build_output.txt:
132:Execution 
failed 
  build_output.txt:
133:for task 
':app:comp
  build_output.txt:
134:ileDebugKotlin'
.
  build_output.txt:
135:> A failure 
  build_output.txt:
136:occurred while 
  build_output.txt:
137:executing 
org.jetbr
  build_output.txt:
138:ains.kotlin.com
pile
  build_output.txt:
139:rRunner.GradleC
ompi
  build_output.txt:
140:lerRunnerWithWo
rker
  build_output.txt:
141:s$GradleKotlinC
ompi
  build_output.txt:
142:lerWorkAction
  build_output.txt:
143:   > 
Compilation 
  build_output.txt:
144:error. See log 
for 
  build_output.txt:
145:more details
  build_output.txt:
146:
  build_output.txt:
147:* Try:
  build_output.txt:
148:> Run with 
  build_output.txt:
149:--stacktrace 
  build_output.txt:
150:option to get 
the 
  build_output.txt:
151:stack trace.
  build_output.txt:
152:> Run with 
--info 
  build_output.txt:
153:or --debug 
option 
  build_output.txt:
154:to get more 
log 
  build_output.txt:
155:output.
  build_output.txt:
156:> Run with 
--scan 
  build_output.txt:
157:to get full 
  build_output.txt:
158:insights.
  build_output.txt:
159:> Get more 
help at 
  build_output.txt:
160:https://help.gr
adle
  build_output.txt:
161:.org.
  build_output.txt:
162:
> build_output.txt:
163:BUILD FAILED 
in 16s
  build_output.txt:
164:31 actionable 
tasks: 2 executed, 
29 up-to-date


